\BOOKMARK [0][-]{chapter.1}{Introduction}{}% 1
\BOOKMARK [1][-]{section.1.1}{Related works}{chapter.1}% 2
\BOOKMARK [2][-]{subsection.1.1.1}{Extracting an ontology via the structure of a website}{section.1.1}% 3
\BOOKMARK [2][-]{subsection.1.1.2}{More related works}{section.1.1}% 4
\BOOKMARK [1][-]{section.1.2}{Objective of the project}{chapter.1}% 5
\BOOKMARK [0][-]{chapter.2}{Collecting Data}{}% 6
\BOOKMARK [1][-]{section.2.1}{Amazon}{chapter.2}% 7
\BOOKMARK [1][-]{section.2.2}{The challenges}{chapter.2}% 8
\BOOKMARK [2][-]{subsection.2.2.1}{Amazon API}{section.2.2}% 9
\BOOKMARK [1][-]{section.2.3}{Scraping}{chapter.2}% 10
\BOOKMARK [2][-]{subsection.2.3.1}{Scraping a single page}{section.2.3}% 11
\BOOKMARK [2][-]{subsection.2.3.2}{Dynamic pages}{section.2.3}% 12
\BOOKMARK [1][-]{section.2.4}{Scraping on a larger scale}{chapter.2}% 13
\BOOKMARK [2][-]{subsection.2.4.1}{Multithreading}{section.2.4}% 14
\BOOKMARK [2][-]{subsection.2.4.2}{Tampering requests}{section.2.4}% 15
\BOOKMARK [2][-]{subsection.2.4.3}{Crafting user agents}{section.2.4}% 16
\BOOKMARK [1][-]{section.2.5}{Flow diagram of the scraper}{chapter.2}% 17
\BOOKMARK [1][-]{section.2.6}{amazon-scraper}{chapter.2}% 18
\BOOKMARK [1][-]{section.2.7}{Shape of the collected data}{chapter.2}% 19
\BOOKMARK [0][-]{chapter.3}{Processing the information}{}% 20
\BOOKMARK [1][-]{section.3.1}{Natural language processing}{chapter.3}% 21
\BOOKMARK [2][-]{subsection.3.1.1}{Named entity recognition}{section.3.1}% 22
\BOOKMARK [2][-]{subsection.3.1.2}{Language use differences in reviews and questions}{section.3.1}% 23
\BOOKMARK [1][-]{section.3.2}{Questions and Answers}{chapter.3}% 24
\BOOKMARK [2][-]{subsection.3.2.1}{Open-ended questions and closed-ended questions}{section.3.2}% 25
\BOOKMARK [2][-]{subsection.3.2.2}{Detecting the object of a question}{section.3.2}% 26
\BOOKMARK [1][-]{section.3.3}{From NLP to Ontology population}{chapter.3}% 27
\BOOKMARK [0][-]{chapter.4}{Ontology extraction and population}{}% 28
\BOOKMARK [1][-]{section.4.1}{Ontologies}{chapter.4}% 29
\BOOKMARK [2][-]{subsection.4.1.1}{Ontology Learning}{section.4.1}% 30
\BOOKMARK [1][-]{section.4.2}{Choosing the formal language to represent the ontology}{chapter.4}% 31
\BOOKMARK [1][-]{section.4.3}{Translating the data into an OWL ontology}{chapter.4}% 32
\BOOKMARK [1][-]{section.4.4}{Populating the ontology via python}{chapter.4}% 33
\BOOKMARK [2][-]{subsection.4.4.1}{RDF/XML representation of a product}{section.4.4}% 34
\BOOKMARK [2][-]{subsection.4.4.2}{Taxonomy of classes}{section.4.4}% 35
\BOOKMARK [0][-]{chapter.5}{Conclusions}{}% 36
\BOOKMARK [1][-]{section.5.1}{Summary}{chapter.5}% 37
\BOOKMARK [1][-]{section.5.2}{Possible uses}{chapter.5}% 38
\BOOKMARK [1][-]{section.5.3}{Results}{chapter.5}% 39
\BOOKMARK [1][-]{section.5.4}{Future work}{chapter.5}% 40
\BOOKMARK [0][-]{section*.17}{Bibliography}{}% 41
